19:33:15.555 [Test worker] INFO  c.t.q.m.ApplicationManager$MyListener - Start search element By.cssSelector: [href='/login']
19:33:15.575 [Test worker] INFO  c.t.q.m.ApplicationManager$MyListener - By.cssSelector: [href='/login']found
19:33:17.646 [Test worker] INFO  c.t.q.m.ApplicationManager$MyListener - Start search element By.cssSelector: [type=email]
19:33:17.670 [Test worker] INFO  c.t.q.m.ApplicationManager$MyListener - By.cssSelector: [type=email]found
19:33:17.770 [Test worker] INFO  c.t.q.m.ApplicationManager$MyListener - Start search element By.cssSelector: [type=email]
19:33:17.782 [Test worker] INFO  c.t.q.m.ApplicationManager$MyListener - By.cssSelector: [type=email]found
19:33:17.810 [Test worker] INFO  c.t.q.m.ApplicationManager$MyListener - Start search element By.cssSelector: [type=email]
19:33:17.826 [Test worker] INFO  c.t.q.m.ApplicationManager$MyListener - By.cssSelector: [type=email]found
19:33:17.938 [Test worker] INFO  c.t.q.m.ApplicationManager$MyListener - Start search element By.cssSelector: [type=password]
19:33:17.950 [Test worker] INFO  c.t.q.m.ApplicationManager$MyListener - By.cssSelector: [type=password]found
19:33:18.002 [Test worker] INFO  c.t.q.m.ApplicationManager$MyListener - Start search element By.cssSelector: [type=password]
19:33:18.014 [Test worker] INFO  c.t.q.m.ApplicationManager$MyListener - By.cssSelector: [type=password]found
19:33:18.038 [Test worker] INFO  c.t.q.m.ApplicationManager$MyListener - Start search element By.cssSelector: [type=password]
19:33:18.046 [Test worker] INFO  c.t.q.m.ApplicationManager$MyListener - By.cssSelector: [type=password]found
19:33:18.098 [Test worker] INFO  c.t.q.m.ApplicationManager$MyListener - Start search element By.id: login
19:33:18.110 [Test worker] INFO  c.t.q.m.ApplicationManager$MyListener - By.id: loginfound
19:33:18.178 [Test worker] INFO  c.t.q.m.ApplicationManager$MyListener - Start search element By.cssSelector: [data-test-id='header-member-menu-button']
19:33:25.122 [Test worker] INFO  c.t.q.m.ApplicationManager$MyListener - By.cssSelector: [data-test-id='header-member-menu-button']found
19:33:25.138 [Test worker] INFO  com.trello.qa.tests.TestBase - start test testBoardCreation with parameters []
19:33:25.138 [Test worker] INFO  c.t.q.m.ApplicationManager$MyListener - Start search element By.xpath: //*[@class='icon-lg icon-member']/../../..
19:33:25.158 [Test worker] INFO  c.t.q.m.ApplicationManager$MyListener - By.xpath: //*[@class='icon-lg icon-member']/../../..found
19:33:25.162 [Test worker] INFO  c.t.q.m.ApplicationManager$MyListener - Start search element By.xpath: //*[@class='icon-lg icon-member']/../../..//li
19:33:25.182 [Test worker] INFO  c.t.q.m.ApplicationManager$MyListener - By.xpath: //*[@class='icon-lg icon-member']/../../..//lifound
19:33:25.206 [Test worker] INFO  c.t.q.m.ApplicationManager$MyListener - Start search element By.cssSelector: [data-test-id='header-create-menu-button']
19:33:25.222 [Test worker] INFO  c.t.q.m.ApplicationManager$MyListener - By.cssSelector: [data-test-id='header-create-menu-button']found
19:33:25.390 [Test worker] INFO  c.t.q.m.ApplicationManager$MyListener - Start search element By.cssSelector: [data-test-id='header-create-board-button']
19:33:25.423 [Test worker] INFO  c.t.q.m.ApplicationManager$MyListener - By.cssSelector: [data-test-id='header-create-board-button']found
19:33:25.574 [Test worker] INFO  c.t.q.m.ApplicationManager$MyListener - Start search element By.cssSelector: [data-test-id='header-create-board-title-input']
19:33:25.599 [Test worker] INFO  c.t.q.m.ApplicationManager$MyListener - By.cssSelector: [data-test-id='header-create-board-title-input']found
19:33:25.663 [Test worker] INFO  c.t.q.m.ApplicationManager$MyListener - Start search element By.cssSelector: [data-test-id='header-create-board-title-input']
19:33:25.677 [Test worker] INFO  c.t.q.m.ApplicationManager$MyListener - By.cssSelector: [data-test-id='header-create-board-title-input']found
19:33:25.707 [Test worker] INFO  c.t.q.m.ApplicationManager$MyListener - Start search element By.cssSelector: [data-test-id='header-create-board-title-input']
19:33:25.727 [Test worker] INFO  c.t.q.m.ApplicationManager$MyListener - By.cssSelector: [data-test-id='header-create-board-title-input']found
19:33:25.859 [Test worker] INFO  c.t.q.m.ApplicationManager$MyListener - Start search element By.cssSelector: .W6rMLOx8U0MrPx
19:33:25.875 [Test worker] INFO  c.t.q.m.ApplicationManager$MyListener - By.cssSelector: .W6rMLOx8U0MrPxfound
19:33:25.875 [Test worker] INFO  c.t.q.m.ApplicationManager$MyListener - Start search element By.cssSelector: .W6rMLOx8U0MrPx
19:33:25.887 [Test worker] INFO  c.t.q.m.ApplicationManager$MyListener - By.cssSelector: .W6rMLOx8U0MrPxfound
19:33:25.963 [Test worker] INFO  c.t.q.m.ApplicationManager$MyListener - Start search element By.xpath: //nav[@class='SdlcRrTVPA8Y3K']//li[1]
19:33:25.995 [Test worker] INFO  c.t.q.m.ApplicationManager$MyListener - By.xpath: //nav[@class='SdlcRrTVPA8Y3K']//li[1]found
19:33:26.063 [Test worker] INFO  c.t.q.m.ApplicationManager$MyListener - Start search element By.cssSelector: [data-test-id='header-create-board-submit-button']
19:33:26.083 [Test worker] INFO  c.t.q.m.ApplicationManager$MyListener - By.cssSelector: [data-test-id='header-create-board-submit-button']found
19:33:26.152 [Test worker] INFO  c.t.q.m.ApplicationManager$MyListener - Start search element By.cssSelector: ._3gUubwRZDWaOF0._2WhIqhRFBTG7Ry._2NubQcQM83YCVV
19:33:26.171 [Test worker] INFO  c.t.q.m.ApplicationManager$MyListener - By.cssSelector: ._3gUubwRZDWaOF0._2WhIqhRFBTG7Ry._2NubQcQM83YCVVfound
19:33:26.171 [Test worker] INFO  c.t.q.m.ApplicationManager$MyListener - Start search element By.cssSelector: ._3gUubwRZDWaOF0._2WhIqhRFBTG7Ry._2NubQcQM83YCVV
19:33:26.192 [Test worker] INFO  c.t.q.m.ApplicationManager$MyListener - By.cssSelector: ._3gUubwRZDWaOF0._2WhIqhRFBTG7Ry._2NubQcQM83YCVVfound
19:33:26.845 [Test worker] ERROR c.t.q.m.ApplicationManager$MyListener - ERROR
org.openqa.selenium.StaleElementReferenceException: stale element reference: element is not attached to the page document
  (Session info: chrome=77.0.3865.90)
For documentation on this error, please visit: https://www.seleniumhq.org/exceptions/stale_element_reference.html
Build info: version: '3.141.59', revision: 'e82be7d358', time: '2018-11-14T08:17:03'
System info: host: 'DESKTOP-79N8AM4', ip: '192.168.0.17', os.name: 'Windows 10', os.arch: 'amd64', os.version: '10.0', java.version: '1.8.0_221'
Driver info: org.openqa.selenium.chrome.ChromeDriver
Capabilities {acceptInsecureCerts: false, browserName: chrome, browserVersion: 77.0.3865.90, chrome: {chromedriverVersion: 77.0.3865.40 (f484704e052e0..., userDataDir: C:\Users\User\AppData\Local...}, goog:chromeOptions: {debuggerAddress: localhost:52712}, javascriptEnabled: true, networkConnectionEnabled: false, pageLoadStrategy: normal, platform: XP, platformName: XP, proxy: Proxy(), setWindowRect: true, strictFileInteractability: false, timeouts: {implicit: 0, pageLoad: 300000, script: 30000}, unhandledPromptBehavior: dismiss and notify}
Session ID: d838ff70136f147bed15ea047a44cf76
	at sun.reflect.NativeConstructorAccessorImpl.newInstance0(Native Method)
	at sun.reflect.NativeConstructorAccessorImpl.newInstance(NativeConstructorAccessorImpl.java:62)
	at sun.reflect.DelegatingConstructorAccessorImpl.newInstance(DelegatingConstructorAccessorImpl.java:45)
	at java.lang.reflect.Constructor.newInstance(Constructor.java:423)
	at org.openqa.selenium.remote.http.W3CHttpResponseCodec.createException(W3CHttpResponseCodec.java:187)
	at org.openqa.selenium.remote.http.W3CHttpResponseCodec.decode(W3CHttpResponseCodec.java:122)
	at org.openqa.selenium.remote.http.W3CHttpResponseCodec.decode(W3CHttpResponseCodec.java:49)
	at org.openqa.selenium.remote.HttpCommandExecutor.execute(HttpCommandExecutor.java:158)
	at org.openqa.selenium.remote.service.DriverCommandExecutor.execute(DriverCommandExecutor.java:83)
	at org.openqa.selenium.remote.RemoteWebDriver.execute(RemoteWebDriver.java:552)
	at org.openqa.selenium.remote.RemoteWebElement.execute(RemoteWebElement.java:285)
	at org.openqa.selenium.remote.RemoteWebElement.isEnabled(RemoteWebElement.java:156)
	at sun.reflect.NativeMethodAccessorImpl.invoke0(Native Method)
	at sun.reflect.NativeMethodAccessorImpl.invoke(NativeMethodAccessorImpl.java:62)
	at sun.reflect.DelegatingMethodAccessorImpl.invoke(DelegatingMethodAccessorImpl.java:43)
	at java.lang.reflect.Method.invoke(Method.java:498)
	at org.openqa.selenium.support.events.EventFiringWebDriver$EventFiringWebElement.lambda$new$0(EventFiringWebDriver.java:404)
	at com.sun.proxy.$Proxy16.isEnabled(Unknown Source)
	at org.openqa.selenium.support.events.EventFiringWebDriver$EventFiringWebElement.isEnabled(EventFiringWebDriver.java:457)
	at org.openqa.selenium.support.ui.ExpectedConditions$24.apply(ExpectedConditions.java:700)
	at org.openqa.selenium.support.ui.ExpectedConditions$24.apply(ExpectedConditions.java:695)
	at org.openqa.selenium.support.ui.FluentWait.until(FluentWait.java:249)
	at com.trello.qa.manager.HelperBase.returnToHomePage(HelperBase.java:54)
	at com.trello.qa.tests.BoardCreationTest.testBoardCreation(BoardCreationTest.java:102)
	at sun.reflect.NativeMethodAccessorImpl.invoke0(Native Method)
	at sun.reflect.NativeMethodAccessorImpl.invoke(NativeMethodAccessorImpl.java:62)
	at sun.reflect.DelegatingMethodAccessorImpl.invoke(DelegatingMethodAccessorImpl.java:43)
	at java.lang.reflect.Method.invoke(Method.java:498)
	at org.testng.internal.MethodInvocationHelper.invokeMethod(MethodInvocationHelper.java:133)
	at org.testng.internal.TestInvoker.invokeMethod(TestInvoker.java:584)
	at org.testng.internal.TestInvoker.invokeTestMethod(TestInvoker.java:172)
	at org.testng.internal.MethodRunner.runInSequence(MethodRunner.java:46)
	at org.testng.internal.TestInvoker$MethodInvocationAgent.invoke(TestInvoker.java:804)
	at org.testng.internal.TestInvoker.invokeTestMethods(TestInvoker.java:145)
	at org.testng.internal.TestMethodWorker.invokeTestMethods(TestMethodWorker.java:146)
	at org.testng.internal.TestMethodWorker.run(TestMethodWorker.java:128)
	at java.util.ArrayList.forEach(ArrayList.java:1257)
	at org.testng.TestRunner.privateRun(TestRunner.java:770)
	at org.testng.TestRunner.run(TestRunner.java:591)
	at org.testng.SuiteRunner.runTest(SuiteRunner.java:402)
	at org.testng.SuiteRunner.runSequentially(SuiteRunner.java:396)
	at org.testng.SuiteRunner.privateRun(SuiteRunner.java:355)
	at org.testng.SuiteRunner.run(SuiteRunner.java:304)
	at org.testng.SuiteRunnerWorker.runSuite(SuiteRunnerWorker.java:53)
	at org.testng.SuiteRunnerWorker.run(SuiteRunnerWorker.java:96)
	at org.testng.TestNG.runSuitesSequentially(TestNG.java:1180)
	at org.testng.TestNG.runSuitesLocally(TestNG.java:1102)
	at org.testng.TestNG.runSuites(TestNG.java:1032)
	at org.testng.TestNG.run(TestNG.java:1000)
	at org.gradle.api.internal.tasks.testing.testng.TestNGTestClassProcessor.runTests(TestNGTestClassProcessor.java:141)
	at org.gradle.api.internal.tasks.testing.testng.TestNGTestClassProcessor.stop(TestNGTestClassProcessor.java:90)
	at org.gradle.api.internal.tasks.testing.SuiteTestClassProcessor.stop(SuiteTestClassProcessor.java:61)
	at sun.reflect.NativeMethodAccessorImpl.invoke0(Native Method)
	at sun.reflect.NativeMethodAccessorImpl.invoke(NativeMethodAccessorImpl.java:62)
	at sun.reflect.DelegatingMethodAccessorImpl.invoke(DelegatingMethodAccessorImpl.java:43)
	at java.lang.reflect.Method.invoke(Method.java:498)
	at org.gradle.internal.dispatch.ReflectionDispatch.dispatch(ReflectionDispatch.java:35)
	at org.gradle.internal.dispatch.ReflectionDispatch.dispatch(ReflectionDispatch.java:24)
	at org.gradle.internal.dispatch.ContextClassLoaderDispatch.dispatch(ContextClassLoaderDispatch.java:32)
	at org.gradle.internal.dispatch.ProxyDispatchAdapter$DispatchingInvocationHandler.invoke(ProxyDispatchAdapter.java:93)
	at com.sun.proxy.$Proxy2.stop(Unknown Source)
	at org.gradle.api.internal.tasks.testing.worker.TestWorker.stop(TestWorker.java:132)
	at sun.reflect.NativeMethodAccessorImpl.invoke0(Native Method)
	at sun.reflect.NativeMethodAccessorImpl.invoke(NativeMethodAccessorImpl.java:62)
	at sun.reflect.DelegatingMethodAccessorImpl.invoke(DelegatingMethodAccessorImpl.java:43)
	at java.lang.reflect.Method.invoke(Method.java:498)
	at org.gradle.internal.dispatch.ReflectionDispatch.dispatch(ReflectionDispatch.java:35)
	at org.gradle.internal.dispatch.ReflectionDispatch.dispatch(ReflectionDispatch.java:24)
	at org.gradle.internal.remote.internal.hub.MessageHubBackedObjectConnection$DispatchWrapper.dispatch(MessageHubBackedObjectConnection.java:175)
	at org.gradle.internal.remote.internal.hub.MessageHubBackedObjectConnection$DispatchWrapper.dispatch(MessageHubBackedObjectConnection.java:157)
	at org.gradle.internal.remote.internal.hub.MessageHub$Handler.run(MessageHub.java:404)
	at org.gradle.internal.concurrent.ExecutorPolicy$CatchAndRecordFailures.onExecute(ExecutorPolicy.java:63)
	at org.gradle.internal.concurrent.ManagedExecutorImpl$1.run(ManagedExecutorImpl.java:46)
	at java.util.concurrent.ThreadPoolExecutor.runWorker(ThreadPoolExecutor.java:1149)
	at java.util.concurrent.ThreadPoolExecutor$Worker.run(ThreadPoolExecutor.java:624)
	at org.gradle.internal.concurrent.ThreadFactoryImpl$ManagedThreadRunnable.run(ThreadFactoryImpl.java:55)
	at java.lang.Thread.run(Thread.java:748)
19:33:26.857 [Test worker] INFO  com.trello.qa.tests.TestBase - stop test testBoardCreation
19:33:26.877 [Test worker] INFO  com.trello.qa.tests.TestBase - start test testBoardCreationWithDataProvider with parameters [board]
19:33:26.877 [Test worker] INFO  c.t.q.m.ApplicationManager$MyListener - Start search element By.xpath: //*[@class='icon-lg icon-member']/../../..
19:33:26.970 [Test worker] INFO  c.t.q.m.ApplicationManager$MyListener - By.xpath: //*[@class='icon-lg icon-member']/../../..found
19:33:26.971 [Test worker] INFO  c.t.q.m.ApplicationManager$MyListener - Start search element By.xpath: //*[@class='icon-lg icon-member']/../../..//li
19:33:26.993 [Test worker] INFO  c.t.q.m.ApplicationManager$MyListener - By.xpath: //*[@class='icon-lg icon-member']/../../..//lifound
19:33:26.993 [Test worker] INFO  c.t.q.m.ApplicationManager$MyListener - Start search element By.cssSelector: [data-test-id='header-create-menu-button']
19:33:27.021 [Test worker] INFO  c.t.q.m.ApplicationManager$MyListener - By.cssSelector: [data-test-id='header-create-menu-button']found
19:33:27.696 [Test worker] INFO  c.t.q.m.ApplicationManager$MyListener - Start search element By.cssSelector: [data-test-id='header-create-board-button']
19:33:27.720 [Test worker] INFO  c.t.q.m.ApplicationManager$MyListener - By.cssSelector: [data-test-id='header-create-board-button']found
19:33:27.840 [Test worker] INFO  c.t.q.m.ApplicationManager$MyListener - Start search element By.cssSelector: [data-test-id='header-create-board-title-input']
19:33:27.856 [Test worker] INFO  c.t.q.m.ApplicationManager$MyListener - By.cssSelector: [data-test-id='header-create-board-title-input']found
19:33:27.925 [Test worker] INFO  c.t.q.m.ApplicationManager$MyListener - Start search element By.cssSelector: [data-test-id='header-create-board-title-input']
19:33:27.941 [Test worker] INFO  c.t.q.m.ApplicationManager$MyListener - By.cssSelector: [data-test-id='header-create-board-title-input']found
19:33:27.997 [Test worker] INFO  c.t.q.m.ApplicationManager$MyListener - Start search element By.cssSelector: [data-test-id='header-create-board-title-input']
19:33:28.021 [Test worker] INFO  c.t.q.m.ApplicationManager$MyListener - By.cssSelector: [data-test-id='header-create-board-title-input']found
19:33:28.097 [Test worker] INFO  c.t.q.m.ApplicationManager$MyListener - Start search element By.cssSelector: .W6rMLOx8U0MrPx
19:33:28.109 [Test worker] INFO  c.t.q.m.ApplicationManager$MyListener - By.cssSelector: .W6rMLOx8U0MrPxfound
19:33:28.113 [Test worker] INFO  c.t.q.m.ApplicationManager$MyListener - Start search element By.cssSelector: .W6rMLOx8U0MrPx
19:33:28.121 [Test worker] INFO  c.t.q.m.ApplicationManager$MyListener - By.cssSelector: .W6rMLOx8U0MrPxfound
19:33:28.195 [Test worker] INFO  c.t.q.m.ApplicationManager$MyListener - Start search element By.xpath: //nav[@class='SdlcRrTVPA8Y3K']//li[1]
19:33:28.233 [Test worker] INFO  c.t.q.m.ApplicationManager$MyListener - By.xpath: //nav[@class='SdlcRrTVPA8Y3K']//li[1]found
19:33:28.298 [Test worker] INFO  c.t.q.m.ApplicationManager$MyListener - Start search element By.cssSelector: [data-test-id='header-create-board-submit-button']
19:33:28.314 [Test worker] INFO  c.t.q.m.ApplicationManager$MyListener - By.cssSelector: [data-test-id='header-create-board-submit-button']found
19:33:28.378 [Test worker] INFO  c.t.q.m.ApplicationManager$MyListener - Start search element By.cssSelector: ._3gUubwRZDWaOF0._2WhIqhRFBTG7Ry._2NubQcQM83YCVV
19:33:28.392 [Test worker] INFO  c.t.q.m.ApplicationManager$MyListener - By.cssSelector: ._3gUubwRZDWaOF0._2WhIqhRFBTG7Ry._2NubQcQM83YCVVfound
19:33:28.392 [Test worker] INFO  c.t.q.m.ApplicationManager$MyListener - Start search element By.cssSelector: ._3gUubwRZDWaOF0._2WhIqhRFBTG7Ry._2NubQcQM83YCVV
19:33:28.405 [Test worker] INFO  c.t.q.m.ApplicationManager$MyListener - By.cssSelector: ._3gUubwRZDWaOF0._2WhIqhRFBTG7Ry._2NubQcQM83YCVVfound
19:33:28.954 [Test worker] ERROR c.t.q.m.ApplicationManager$MyListener - ERROR
org.openqa.selenium.StaleElementReferenceException: stale element reference: element is not attached to the page document
  (Session info: chrome=77.0.3865.90)
For documentation on this error, please visit: https://www.seleniumhq.org/exceptions/stale_element_reference.html
Build info: version: '3.141.59', revision: 'e82be7d358', time: '2018-11-14T08:17:03'
System info: host: 'DESKTOP-79N8AM4', ip: '192.168.0.17', os.name: 'Windows 10', os.arch: 'amd64', os.version: '10.0', java.version: '1.8.0_221'
Driver info: org.openqa.selenium.chrome.ChromeDriver
Capabilities {acceptInsecureCerts: false, browserName: chrome, browserVersion: 77.0.3865.90, chrome: {chromedriverVersion: 77.0.3865.40 (f484704e052e0..., userDataDir: C:\Users\User\AppData\Local...}, goog:chromeOptions: {debuggerAddress: localhost:52712}, javascriptEnabled: true, networkConnectionEnabled: false, pageLoadStrategy: normal, platform: XP, platformName: XP, proxy: Proxy(), setWindowRect: true, strictFileInteractability: false, timeouts: {implicit: 0, pageLoad: 300000, script: 30000}, unhandledPromptBehavior: dismiss and notify}
Session ID: d838ff70136f147bed15ea047a44cf76
	at sun.reflect.NativeConstructorAccessorImpl.newInstance0(Native Method)
	at sun.reflect.NativeConstructorAccessorImpl.newInstance(NativeConstructorAccessorImpl.java:62)
	at sun.reflect.DelegatingConstructorAccessorImpl.newInstance(DelegatingConstructorAccessorImpl.java:45)
	at java.lang.reflect.Constructor.newInstance(Constructor.java:423)
	at org.openqa.selenium.remote.http.W3CHttpResponseCodec.createException(W3CHttpResponseCodec.java:187)
	at org.openqa.selenium.remote.http.W3CHttpResponseCodec.decode(W3CHttpResponseCodec.java:122)
	at org.openqa.selenium.remote.http.W3CHttpResponseCodec.decode(W3CHttpResponseCodec.java:49)
	at org.openqa.selenium.remote.HttpCommandExecutor.execute(HttpCommandExecutor.java:158)
	at org.openqa.selenium.remote.service.DriverCommandExecutor.execute(DriverCommandExecutor.java:83)
	at org.openqa.selenium.remote.RemoteWebDriver.execute(RemoteWebDriver.java:552)
	at org.openqa.selenium.remote.RemoteWebElement.execute(RemoteWebElement.java:285)
	at org.openqa.selenium.remote.RemoteWebElement.isEnabled(RemoteWebElement.java:156)
	at sun.reflect.NativeMethodAccessorImpl.invoke0(Native Method)
	at sun.reflect.NativeMethodAccessorImpl.invoke(NativeMethodAccessorImpl.java:62)
	at sun.reflect.DelegatingMethodAccessorImpl.invoke(DelegatingMethodAccessorImpl.java:43)
	at java.lang.reflect.Method.invoke(Method.java:498)
	at org.openqa.selenium.support.events.EventFiringWebDriver$EventFiringWebElement.lambda$new$0(EventFiringWebDriver.java:404)
	at com.sun.proxy.$Proxy16.isEnabled(Unknown Source)
	at org.openqa.selenium.support.events.EventFiringWebDriver$EventFiringWebElement.isEnabled(EventFiringWebDriver.java:457)
	at org.openqa.selenium.support.ui.ExpectedConditions$24.apply(ExpectedConditions.java:700)
	at org.openqa.selenium.support.ui.ExpectedConditions$24.apply(ExpectedConditions.java:695)
	at org.openqa.selenium.support.ui.FluentWait.until(FluentWait.java:249)
	at com.trello.qa.manager.HelperBase.returnToHomePage(HelperBase.java:54)
	at com.trello.qa.tests.BoardCreationTest.testBoardCreationWithDataProvider(BoardCreationTest.java:71)
	at sun.reflect.NativeMethodAccessorImpl.invoke0(Native Method)
	at sun.reflect.NativeMethodAccessorImpl.invoke(NativeMethodAccessorImpl.java:62)
	at sun.reflect.DelegatingMethodAccessorImpl.invoke(DelegatingMethodAccessorImpl.java:43)
	at java.lang.reflect.Method.invoke(Method.java:498)
	at org.testng.internal.MethodInvocationHelper.invokeMethod(MethodInvocationHelper.java:133)
	at org.testng.internal.TestInvoker.invokeMethod(TestInvoker.java:584)
	at org.testng.internal.TestInvoker.invokeTestMethod(TestInvoker.java:172)
	at org.testng.internal.MethodRunner.runInSequence(MethodRunner.java:46)
	at org.testng.internal.TestInvoker$MethodInvocationAgent.invoke(TestInvoker.java:804)
	at org.testng.internal.TestInvoker.invokeTestMethods(TestInvoker.java:145)
	at org.testng.internal.TestMethodWorker.invokeTestMethods(TestMethodWorker.java:146)
	at org.testng.internal.TestMethodWorker.run(TestMethodWorker.java:128)
	at java.util.ArrayList.forEach(ArrayList.java:1257)
	at org.testng.TestRunner.privateRun(TestRunner.java:770)
	at org.testng.TestRunner.run(TestRunner.java:591)
	at org.testng.SuiteRunner.runTest(SuiteRunner.java:402)
	at org.testng.SuiteRunner.runSequentially(SuiteRunner.java:396)
	at org.testng.SuiteRunner.privateRun(SuiteRunner.java:355)
	at org.testng.SuiteRunner.run(SuiteRunner.java:304)
	at org.testng.SuiteRunnerWorker.runSuite(SuiteRunnerWorker.java:53)
	at org.testng.SuiteRunnerWorker.run(SuiteRunnerWorker.java:96)
	at org.testng.TestNG.runSuitesSequentially(TestNG.java:1180)
	at org.testng.TestNG.runSuitesLocally(TestNG.java:1102)
	at org.testng.TestNG.runSuites(TestNG.java:1032)
	at org.testng.TestNG.run(TestNG.java:1000)
	at org.gradle.api.internal.tasks.testing.testng.TestNGTestClassProcessor.runTests(TestNGTestClassProcessor.java:141)
	at org.gradle.api.internal.tasks.testing.testng.TestNGTestClassProcessor.stop(TestNGTestClassProcessor.java:90)
	at org.gradle.api.internal.tasks.testing.SuiteTestClassProcessor.stop(SuiteTestClassProcessor.java:61)
	at sun.reflect.NativeMethodAccessorImpl.invoke0(Native Method)
	at sun.reflect.NativeMethodAccessorImpl.invoke(NativeMethodAccessorImpl.java:62)
	at sun.reflect.DelegatingMethodAccessorImpl.invoke(DelegatingMethodAccessorImpl.java:43)
	at java.lang.reflect.Method.invoke(Method.java:498)
	at org.gradle.internal.dispatch.ReflectionDispatch.dispatch(ReflectionDispatch.java:35)
	at org.gradle.internal.dispatch.ReflectionDispatch.dispatch(ReflectionDispatch.java:24)
	at org.gradle.internal.dispatch.ContextClassLoaderDispatch.dispatch(ContextClassLoaderDispatch.java:32)
	at org.gradle.internal.dispatch.ProxyDispatchAdapter$DispatchingInvocationHandler.invoke(ProxyDispatchAdapter.java:93)
	at com.sun.proxy.$Proxy2.stop(Unknown Source)
	at org.gradle.api.internal.tasks.testing.worker.TestWorker.stop(TestWorker.java:132)
	at sun.reflect.NativeMethodAccessorImpl.invoke0(Native Method)
	at sun.reflect.NativeMethodAccessorImpl.invoke(NativeMethodAccessorImpl.java:62)
	at sun.reflect.DelegatingMethodAccessorImpl.invoke(DelegatingMethodAccessorImpl.java:43)
	at java.lang.reflect.Method.invoke(Method.java:498)
	at org.gradle.internal.dispatch.ReflectionDispatch.dispatch(ReflectionDispatch.java:35)
	at org.gradle.internal.dispatch.ReflectionDispatch.dispatch(ReflectionDispatch.java:24)
	at org.gradle.internal.remote.internal.hub.MessageHubBackedObjectConnection$DispatchWrapper.dispatch(MessageHubBackedObjectConnection.java:175)
	at org.gradle.internal.remote.internal.hub.MessageHubBackedObjectConnection$DispatchWrapper.dispatch(MessageHubBackedObjectConnection.java:157)
	at org.gradle.internal.remote.internal.hub.MessageHub$Handler.run(MessageHub.java:404)
	at org.gradle.internal.concurrent.ExecutorPolicy$CatchAndRecordFailures.onExecute(ExecutorPolicy.java:63)
	at org.gradle.internal.concurrent.ManagedExecutorImpl$1.run(ManagedExecutorImpl.java:46)
	at java.util.concurrent.ThreadPoolExecutor.runWorker(ThreadPoolExecutor.java:1149)
	at java.util.concurrent.ThreadPoolExecutor$Worker.run(ThreadPoolExecutor.java:624)
	at org.gradle.internal.concurrent.ThreadFactoryImpl$ManagedThreadRunnable.run(ThreadFactoryImpl.java:55)
	at java.lang.Thread.run(Thread.java:748)
19:33:28.974 [Test worker] INFO  com.trello.qa.tests.TestBase - stop test testBoardCreationWithDataProvider
19:33:28.978 [Test worker] INFO  com.trello.qa.tests.TestBase - start test testBoardCreationWithDataProvider with parameters [BOARD]
19:33:28.984 [Test worker] INFO  c.t.q.m.ApplicationManager$MyListener - Start search element By.xpath: //*[@class='icon-lg icon-member']/../../..
19:33:59.109 [Test worker] INFO  c.t.q.m.ApplicationManager$MyListener - By.xpath: //*[@class='icon-lg icon-member']/../../..found
19:33:59.110 [Test worker] INFO  c.t.q.m.ApplicationManager$MyListener - Start search element By.cssSelector: ._3gUubwRZDWaOF0._2WhIqhRFBTG7Ry._2NubQcQM83YCVV
19:34:29.138 [Test worker] INFO  c.t.q.m.ApplicationManager$MyListener - By.cssSelector: ._3gUubwRZDWaOF0._2WhIqhRFBTG7Ry._2NubQcQM83YCVVfound
19:34:29.139 [Test worker] INFO  c.t.q.m.ApplicationManager$MyListener - Start search element By.cssSelector: a[href='/']
19:34:29.195 [Test worker] INFO  c.t.q.m.ApplicationManager$MyListener - By.cssSelector: a[href='/']found
19:34:29.367 [Test worker] INFO  c.t.q.m.ApplicationManager$MyListener - Start search element By.xpath: //*[@class='icon-lg icon-member']/../../..//li
19:34:39.734 [Test worker] ERROR c.t.q.m.ApplicationManager$MyListener - ERROR
org.openqa.selenium.WebDriverException: disconnected: not connected to DevTools
  (Session info: chrome=77.0.3865.90)
Build info: version: '3.141.59', revision: 'e82be7d358', time: '2018-11-14T08:17:03'
System info: host: 'DESKTOP-79N8AM4', ip: '192.168.0.17', os.name: 'Windows 10', os.arch: 'amd64', os.version: '10.0', java.version: '1.8.0_221'
Driver info: org.openqa.selenium.chrome.ChromeDriver
Capabilities {acceptInsecureCerts: false, browserName: chrome, browserVersion: 77.0.3865.90, chrome: {chromedriverVersion: 77.0.3865.40 (f484704e052e0..., userDataDir: C:\Users\User\AppData\Local...}, goog:chromeOptions: {debuggerAddress: localhost:52712}, javascriptEnabled: true, networkConnectionEnabled: false, pageLoadStrategy: normal, platform: XP, platformName: XP, proxy: Proxy(), setWindowRect: true, strictFileInteractability: false, timeouts: {implicit: 0, pageLoad: 300000, script: 30000}, unhandledPromptBehavior: dismiss and notify}
Session ID: d838ff70136f147bed15ea047a44cf76
*** Element info: {Using=xpath, value=//*[@class='icon-lg icon-member']/../../..//li}
	at sun.reflect.NativeConstructorAccessorImpl.newInstance0(Native Method)
	at sun.reflect.NativeConstructorAccessorImpl.newInstance(NativeConstructorAccessorImpl.java:62)
	at sun.reflect.DelegatingConstructorAccessorImpl.newInstance(DelegatingConstructorAccessorImpl.java:45)
	at java.lang.reflect.Constructor.newInstance(Constructor.java:423)
	at org.openqa.selenium.remote.http.W3CHttpResponseCodec.createException(W3CHttpResponseCodec.java:187)
	at org.openqa.selenium.remote.http.W3CHttpResponseCodec.decode(W3CHttpResponseCodec.java:122)
	at org.openqa.selenium.remote.http.W3CHttpResponseCodec.decode(W3CHttpResponseCodec.java:49)
	at org.openqa.selenium.remote.HttpCommandExecutor.execute(HttpCommandExecutor.java:158)
	at org.openqa.selenium.remote.service.DriverCommandExecutor.execute(DriverCommandExecutor.java:83)
	at org.openqa.selenium.remote.RemoteWebDriver.execute(RemoteWebDriver.java:552)
	at org.openqa.selenium.remote.RemoteWebDriver.findElements(RemoteWebDriver.java:353)
	at org.openqa.selenium.remote.RemoteWebDriver.findElementsByXPath(RemoteWebDriver.java:432)
	at org.openqa.selenium.By$ByXPath.findElements(By.java:348)
	at org.openqa.selenium.remote.RemoteWebDriver.findElements(RemoteWebDriver.java:311)
	at sun.reflect.NativeMethodAccessorImpl.invoke0(Native Method)
	at sun.reflect.NativeMethodAccessorImpl.invoke(NativeMethodAccessorImpl.java:62)
	at sun.reflect.DelegatingMethodAccessorImpl.invoke(DelegatingMethodAccessorImpl.java:43)
	at java.lang.reflect.Method.invoke(Method.java:498)
	at org.openqa.selenium.support.events.EventFiringWebDriver.lambda$new$1(EventFiringWebDriver.java:105)
	at com.sun.proxy.$Proxy15.findElements(Unknown Source)
	at org.openqa.selenium.support.events.EventFiringWebDriver.findElements(EventFiringWebDriver.java:182)
	at com.trello.qa.manager.BoardHelper.getPersonalBoardsCount(BoardHelper.java:37)
	at com.trello.qa.tests.BoardCreationTest.testBoardCreationWithDataProvider(BoardCreationTest.java:66)
	at sun.reflect.NativeMethodAccessorImpl.invoke0(Native Method)
	at sun.reflect.NativeMethodAccessorImpl.invoke(NativeMethodAccessorImpl.java:62)
	at sun.reflect.DelegatingMethodAccessorImpl.invoke(DelegatingMethodAccessorImpl.java:43)
	at java.lang.reflect.Method.invoke(Method.java:498)
	at org.testng.internal.MethodInvocationHelper.invokeMethod(MethodInvocationHelper.java:133)
	at org.testng.internal.TestInvoker.invokeMethod(TestInvoker.java:584)
	at org.testng.internal.TestInvoker.invokeTestMethod(TestInvoker.java:172)
	at org.testng.internal.MethodRunner.runInSequence(MethodRunner.java:46)
	at org.testng.internal.TestInvoker$MethodInvocationAgent.invoke(TestInvoker.java:804)
	at org.testng.internal.TestInvoker.invokeTestMethods(TestInvoker.java:145)
	at org.testng.internal.TestMethodWorker.invokeTestMethods(TestMethodWorker.java:146)
	at org.testng.internal.TestMethodWorker.run(TestMethodWorker.java:128)
	at java.util.ArrayList.forEach(ArrayList.java:1257)
	at org.testng.TestRunner.privateRun(TestRunner.java:770)
	at org.testng.TestRunner.run(TestRunner.java:591)
	at org.testng.SuiteRunner.runTest(SuiteRunner.java:402)
	at org.testng.SuiteRunner.runSequentially(SuiteRunner.java:396)
	at org.testng.SuiteRunner.privateRun(SuiteRunner.java:355)
	at org.testng.SuiteRunner.run(SuiteRunner.java:304)
	at org.testng.SuiteRunnerWorker.runSuite(SuiteRunnerWorker.java:53)
	at org.testng.SuiteRunnerWorker.run(SuiteRunnerWorker.java:96)
	at org.testng.TestNG.runSuitesSequentially(TestNG.java:1180)
	at org.testng.TestNG.runSuitesLocally(TestNG.java:1102)
	at org.testng.TestNG.runSuites(TestNG.java:1032)
	at org.testng.TestNG.run(TestNG.java:1000)
	at org.gradle.api.internal.tasks.testing.testng.TestNGTestClassProcessor.runTests(TestNGTestClassProcessor.java:141)
	at org.gradle.api.internal.tasks.testing.testng.TestNGTestClassProcessor.stop(TestNGTestClassProcessor.java:90)
	at org.gradle.api.internal.tasks.testing.SuiteTestClassProcessor.stop(SuiteTestClassProcessor.java:61)
	at sun.reflect.NativeMethodAccessorImpl.invoke0(Native Method)
	at sun.reflect.NativeMethodAccessorImpl.invoke(NativeMethodAccessorImpl.java:62)
	at sun.reflect.DelegatingMethodAccessorImpl.invoke(DelegatingMethodAccessorImpl.java:43)
	at java.lang.reflect.Method.invoke(Method.java:498)
	at org.gradle.internal.dispatch.ReflectionDispatch.dispatch(ReflectionDispatch.java:35)
	at org.gradle.internal.dispatch.ReflectionDispatch.dispatch(ReflectionDispatch.java:24)
	at org.gradle.internal.dispatch.ContextClassLoaderDispatch.dispatch(ContextClassLoaderDispatch.java:32)
	at org.gradle.internal.dispatch.ProxyDispatchAdapter$DispatchingInvocationHandler.invoke(ProxyDispatchAdapter.java:93)
	at com.sun.proxy.$Proxy2.stop(Unknown Source)
	at org.gradle.api.internal.tasks.testing.worker.TestWorker.stop(TestWorker.java:132)
	at sun.reflect.NativeMethodAccessorImpl.invoke0(Native Method)
	at sun.reflect.NativeMethodAccessorImpl.invoke(NativeMethodAccessorImpl.java:62)
	at sun.reflect.DelegatingMethodAccessorImpl.invoke(DelegatingMethodAccessorImpl.java:43)
	at java.lang.reflect.Method.invoke(Method.java:498)
	at org.gradle.internal.dispatch.ReflectionDispatch.dispatch(ReflectionDispatch.java:35)
	at org.gradle.internal.dispatch.ReflectionDispatch.dispatch(ReflectionDispatch.java:24)
	at org.gradle.internal.remote.internal.hub.MessageHubBackedObjectConnection$DispatchWrapper.dispatch(MessageHubBackedObjectConnection.java:175)
	at org.gradle.internal.remote.internal.hub.MessageHubBackedObjectConnection$DispatchWrapper.dispatch(MessageHubBackedObjectConnection.java:157)
	at org.gradle.internal.remote.internal.hub.MessageHub$Handler.run(MessageHub.java:404)
	at org.gradle.internal.concurrent.ExecutorPolicy$CatchAndRecordFailures.onExecute(ExecutorPolicy.java:63)
	at org.gradle.internal.concurrent.ManagedExecutorImpl$1.run(ManagedExecutorImpl.java:46)
	at java.util.concurrent.ThreadPoolExecutor.runWorker(ThreadPoolExecutor.java:1149)
	at java.util.concurrent.ThreadPoolExecutor$Worker.run(ThreadPoolExecutor.java:624)
	at org.gradle.internal.concurrent.ThreadFactoryImpl$ManagedThreadRunnable.run(ThreadFactoryImpl.java:55)
	at java.lang.Thread.run(Thread.java:748)
19:34:39.737 [Test worker] INFO  com.trello.qa.tests.TestBase - stop test testBoardCreationWithDataProvider
19:34:39.738 [Test worker] INFO  com.trello.qa.tests.TestBase - start test testBoardCreationWithDataProvider with parameters [12346]
19:34:39.739 [Test worker] INFO  c.t.q.m.ApplicationManager$MyListener - Start search element By.xpath: //*[@class='icon-lg icon-member']/../../..
20:04:36.489 [Test worker] INFO  c.t.q.m.ApplicationManager$MyListener - By.xpath: //*[@class='icon-lg icon-member']/../../..found
20:04:36.489 [Test worker] INFO  c.t.q.m.ApplicationManager$MyListener - Start search element By.cssSelector: ._3gUubwRZDWaOF0._2WhIqhRFBTG7Ry._2NubQcQM83YCVV
20:04:37.679 [Test worker] ERROR c.t.q.m.ApplicationManager$MyListener - ERROR
org.openqa.selenium.WebDriverException: disconnected: not connected to DevTools
  (Session info: chrome=77.0.3865.90)
Build info: version: '3.141.59', revision: 'e82be7d358', time: '2018-11-14T08:17:03'
System info: host: 'DESKTOP-79N8AM4', ip: '192.168.0.17', os.name: 'Windows 10', os.arch: 'amd64', os.version: '10.0', java.version: '1.8.0_221'
Driver info: org.openqa.selenium.chrome.ChromeDriver
Capabilities {acceptInsecureCerts: false, browserName: chrome, browserVersion: 77.0.3865.90, chrome: {chromedriverVersion: 77.0.3865.40 (f484704e052e0..., userDataDir: C:\Users\User\AppData\Local...}, goog:chromeOptions: {debuggerAddress: localhost:52712}, javascriptEnabled: true, networkConnectionEnabled: false, pageLoadStrategy: normal, platform: XP, platformName: XP, proxy: Proxy(), setWindowRect: true, strictFileInteractability: false, timeouts: {implicit: 0, pageLoad: 300000, script: 30000}, unhandledPromptBehavior: dismiss and notify}
Session ID: d838ff70136f147bed15ea047a44cf76
*** Element info: {Using=css selector, value=._3gUubwRZDWaOF0._2WhIqhRFBTG7Ry._2NubQcQM83YCVV}
	at sun.reflect.NativeConstructorAccessorImpl.newInstance0(Native Method)
	at sun.reflect.NativeConstructorAccessorImpl.newInstance(NativeConstructorAccessorImpl.java:62)
	at sun.reflect.DelegatingConstructorAccessorImpl.newInstance(DelegatingConstructorAccessorImpl.java:45)
	at java.lang.reflect.Constructor.newInstance(Constructor.java:423)
	at org.openqa.selenium.remote.http.W3CHttpResponseCodec.createException(W3CHttpResponseCodec.java:187)
	at org.openqa.selenium.remote.http.W3CHttpResponseCodec.decode(W3CHttpResponseCodec.java:122)
	at org.openqa.selenium.remote.http.W3CHttpResponseCodec.decode(W3CHttpResponseCodec.java:49)
	at org.openqa.selenium.remote.HttpCommandExecutor.execute(HttpCommandExecutor.java:158)
	at org.openqa.selenium.remote.service.DriverCommandExecutor.execute(DriverCommandExecutor.java:83)
	at org.openqa.selenium.remote.RemoteWebDriver.execute(RemoteWebDriver.java:552)
	at org.openqa.selenium.remote.RemoteWebDriver.findElements(RemoteWebDriver.java:353)
	at org.openqa.selenium.remote.RemoteWebDriver.findElementsByCssSelector(RemoteWebDriver.java:424)
	at org.openqa.selenium.By$ByCssSelector.findElements(By.java:441)
	at org.openqa.selenium.remote.RemoteWebDriver.findElements(RemoteWebDriver.java:311)
	at sun.reflect.NativeMethodAccessorImpl.invoke0(Native Method)
	at sun.reflect.NativeMethodAccessorImpl.invoke(NativeMethodAccessorImpl.java:62)
	at sun.reflect.DelegatingMethodAccessorImpl.invoke(DelegatingMethodAccessorImpl.java:43)
	at java.lang.reflect.Method.invoke(Method.java:498)
	at org.openqa.selenium.support.events.EventFiringWebDriver.lambda$new$1(EventFiringWebDriver.java:105)
	at com.sun.proxy.$Proxy15.findElements(Unknown Source)
	at org.openqa.selenium.support.events.EventFiringWebDriver.findElements(EventFiringWebDriver.java:182)
	at com.trello.qa.manager.HelperBase.isElementPresent(HelperBase.java:44)
	at com.trello.qa.manager.HelperBase.returnToHomePage(HelperBase.java:52)
	at com.trello.qa.tests.BoardCreationTest.isOnHomePage(BoardCreationTest.java:57)
	at sun.reflect.NativeMethodAccessorImpl.invoke0(Native Method)
	at sun.reflect.NativeMethodAccessorImpl.invoke(NativeMethodAccessorImpl.java:62)
	at sun.reflect.DelegatingMethodAccessorImpl.invoke(DelegatingMethodAccessorImpl.java:43)
	at java.lang.reflect.Method.invoke(Method.java:498)
	at org.testng.internal.MethodInvocationHelper.invokeMethod(MethodInvocationHelper.java:133)
	at org.testng.internal.MethodInvocationHelper.invokeMethodConsideringTimeout(MethodInvocationHelper.java:62)
	at org.testng.internal.ConfigInvoker.invokeConfigurationMethod(ConfigInvoker.java:340)
	at org.testng.internal.ConfigInvoker.invokeConfigurations(ConfigInvoker.java:294)
	at org.testng.internal.TestInvoker.runConfigMethods(TestInvoker.java:683)
	at org.testng.internal.TestInvoker.invokeMethod(TestInvoker.java:510)
	at org.testng.internal.TestInvoker.invokeTestMethod(TestInvoker.java:172)
	at org.testng.internal.MethodRunner.runInSequence(MethodRunner.java:46)
	at org.testng.internal.TestInvoker$MethodInvocationAgent.invoke(TestInvoker.java:804)
	at org.testng.internal.TestInvoker.invokeTestMethods(TestInvoker.java:145)
	at org.testng.internal.TestMethodWorker.invokeTestMethods(TestMethodWorker.java:146)
	at org.testng.internal.TestMethodWorker.run(TestMethodWorker.java:128)
	at java.util.ArrayList.forEach(ArrayList.java:1257)
	at org.testng.TestRunner.privateRun(TestRunner.java:770)
	at org.testng.TestRunner.run(TestRunner.java:591)
	at org.testng.SuiteRunner.runTest(SuiteRunner.java:402)
	at org.testng.SuiteRunner.runSequentially(SuiteRunner.java:396)
	at org.testng.SuiteRunner.privateRun(SuiteRunner.java:355)
	at org.testng.SuiteRunner.run(SuiteRunner.java:304)
	at org.testng.SuiteRunnerWorker.runSuite(SuiteRunnerWorker.java:53)
	at org.testng.SuiteRunnerWorker.run(SuiteRunnerWorker.java:96)
	at org.testng.TestNG.runSuitesSequentially(TestNG.java:1180)
	at org.testng.TestNG.runSuitesLocally(TestNG.java:1102)
	at org.testng.TestNG.runSuites(TestNG.java:1032)
	at org.testng.TestNG.run(TestNG.java:1000)
	at org.gradle.api.internal.tasks.testing.testng.TestNGTestClassProcessor.runTests(TestNGTestClassProcessor.java:141)
	at org.gradle.api.internal.tasks.testing.testng.TestNGTestClassProcessor.stop(TestNGTestClassProcessor.java:90)
	at org.gradle.api.internal.tasks.testing.SuiteTestClassProcessor.stop(SuiteTestClassProcessor.java:61)
	at sun.reflect.NativeMethodAccessorImpl.invoke0(Native Method)
	at sun.reflect.NativeMethodAccessorImpl.invoke(NativeMethodAccessorImpl.java:62)
	at sun.reflect.DelegatingMethodAccessorImpl.invoke(DelegatingMethodAccessorImpl.java:43)
	at java.lang.reflect.Method.invoke(Method.java:498)
	at org.gradle.internal.dispatch.ReflectionDispatch.dispatch(ReflectionDispatch.java:35)
	at org.gradle.internal.dispatch.ReflectionDispatch.dispatch(ReflectionDispatch.java:24)
	at org.gradle.internal.dispatch.ContextClassLoaderDispatch.dispatch(ContextClassLoaderDispatch.java:32)
	at org.gradle.internal.dispatch.ProxyDispatchAdapter$DispatchingInvocationHandler.invoke(ProxyDispatchAdapter.java:93)
	at com.sun.proxy.$Proxy2.stop(Unknown Source)
	at org.gradle.api.internal.tasks.testing.worker.TestWorker.stop(TestWorker.java:132)
	at sun.reflect.NativeMethodAccessorImpl.invoke0(Native Method)
	at sun.reflect.NativeMethodAccessorImpl.invoke(NativeMethodAccessorImpl.java:62)
	at sun.reflect.DelegatingMethodAccessorImpl.invoke(DelegatingMethodAccessorImpl.java:43)
	at java.lang.reflect.Method.invoke(Method.java:498)
	at org.gradle.internal.dispatch.ReflectionDispatch.dispatch(ReflectionDispatch.java:35)
	at org.gradle.internal.dispatch.ReflectionDispatch.dispatch(ReflectionDispatch.java:24)
	at org.gradle.internal.remote.internal.hub.MessageHubBackedObjectConnection$DispatchWrapper.dispatch(MessageHubBackedObjectConnection.java:175)
	at org.gradle.internal.remote.internal.hub.MessageHubBackedObjectConnection$DispatchWrapper.dispatch(MessageHubBackedObjectConnection.java:157)
	at org.gradle.internal.remote.internal.hub.MessageHub$Handler.run(MessageHub.java:404)
	at org.gradle.internal.concurrent.ExecutorPolicy$CatchAndRecordFailures.onExecute(ExecutorPolicy.java:63)
	at org.gradle.internal.concurrent.ManagedExecutorImpl$1.run(ManagedExecutorImpl.java:46)
	at java.util.concurrent.ThreadPoolExecutor.runWorker(ThreadPoolExecutor.java:1149)
	at java.util.concurrent.ThreadPoolExecutor$Worker.run(ThreadPoolExecutor.java:624)
	at org.gradle.internal.concurrent.ThreadFactoryImpl$ManagedThreadRunnable.run(ThreadFactoryImpl.java:55)
	at java.lang.Thread.run(Thread.java:748)
