20:10:35.237 [Test worker] INFO  c.t.q.m.ApplicationManager$MyListener - Start search element By.cssSelector: [href='/login']
20:11:00.441 [Test worker] INFO  c.t.q.m.ApplicationManager$MyListener - By.cssSelector: [href='/login']found
20:11:00.872 [Test worker] INFO  c.t.q.m.ApplicationManager$MyListener - Start search element By.cssSelector: [type=email]
20:11:02.266 [Test worker] INFO  c.t.q.m.ApplicationManager$MyListener - By.cssSelector: [type=email]found
20:11:02.346 [Test worker] INFO  c.t.q.m.ApplicationManager$MyListener - Start search element By.cssSelector: [type=email]
20:11:02.358 [Test worker] INFO  c.t.q.m.ApplicationManager$MyListener - By.cssSelector: [type=email]found
20:11:02.390 [Test worker] INFO  c.t.q.m.ApplicationManager$MyListener - Start search element By.cssSelector: [type=email]
20:11:02.402 [Test worker] INFO  c.t.q.m.ApplicationManager$MyListener - By.cssSelector: [type=email]found
20:11:02.537 [Test worker] INFO  c.t.q.m.ApplicationManager$MyListener - Start search element By.cssSelector: [type=password]
20:11:02.555 [Test worker] INFO  c.t.q.m.ApplicationManager$MyListener - By.cssSelector: [type=password]found
20:11:02.595 [Test worker] INFO  c.t.q.m.ApplicationManager$MyListener - Start search element By.cssSelector: [type=password]
20:11:02.611 [Test worker] INFO  c.t.q.m.ApplicationManager$MyListener - By.cssSelector: [type=password]found
20:11:02.632 [Test worker] INFO  c.t.q.m.ApplicationManager$MyListener - Start search element By.cssSelector: [type=password]
20:11:02.646 [Test worker] INFO  c.t.q.m.ApplicationManager$MyListener - By.cssSelector: [type=password]found
20:11:02.698 [Test worker] INFO  c.t.q.m.ApplicationManager$MyListener - Start search element By.id: login
20:11:02.714 [Test worker] INFO  c.t.q.m.ApplicationManager$MyListener - By.id: loginfound
20:11:02.787 [Test worker] INFO  c.t.q.m.ApplicationManager$MyListener - Start search element By.cssSelector: [data-test-id='header-member-menu-button']
20:11:08.142 [Test worker] INFO  c.t.q.m.ApplicationManager$MyListener - By.cssSelector: [data-test-id='header-member-menu-button']found
20:11:08.215 [Test worker] INFO  com.trello.qa.tests.TestBase - start test testTeamCreationFromLeftNavMenu with parameters []
20:11:08.218 [Test worker] INFO  c.t.q.m.ApplicationManager$MyListener - Start search element By.xpath: //*[@class='icon-lg icon-member']/../../..
20:11:08.266 [Test worker] INFO  c.t.q.m.ApplicationManager$MyListener - By.xpath: //*[@class='icon-lg icon-member']/../../..found
20:11:08.286 [Test worker] INFO  c.t.q.m.ApplicationManager$MyListener - Start search element By.xpath: //*[@class='_mtkwfAlvk6O3f']/../../..//li
20:11:08.308 [Test worker] INFO  c.t.q.m.ApplicationManager$MyListener - By.xpath: //*[@class='_mtkwfAlvk6O3f']/../../..//lifound
20:11:08.309 [Test worker] INFO  c.t.q.m.ApplicationManager$MyListener - Start search element By.xpath: //*[@class='_mtkwfAlvk6O3f']/../../..//li
20:11:08.334 [Test worker] INFO  c.t.q.m.ApplicationManager$MyListener - By.xpath: //*[@class='_mtkwfAlvk6O3f']/../../..//lifound
20:11:08.334 [Test worker] INFO  c.t.q.m.ApplicationManager$MyListener - Start search element By.cssSelector: .icon-add.icon-sm
20:11:08.350 [Test worker] INFO  c.t.q.m.ApplicationManager$MyListener - By.cssSelector: .icon-add.icon-smfound
20:11:08.442 [Test worker] INFO  c.t.q.m.ApplicationManager$MyListener - Start search element By.cssSelector: [data-test-id='header-create-team-name-input']
20:11:08.462 [Test worker] INFO  c.t.q.m.ApplicationManager$MyListener - By.cssSelector: [data-test-id='header-create-team-name-input']found
20:11:08.686 [Test worker] INFO  c.t.q.m.ApplicationManager$MyListener - Start search element By.cssSelector: [data-test-id='header-create-team-name-input']
20:11:08.705 [Test worker] INFO  c.t.q.m.ApplicationManager$MyListener - By.cssSelector: [data-test-id='header-create-team-name-input']found
20:11:08.731 [Test worker] INFO  c.t.q.m.ApplicationManager$MyListener - Start search element By.cssSelector: [data-test-id='header-create-team-name-input']
20:11:08.743 [Test worker] INFO  c.t.q.m.ApplicationManager$MyListener - By.cssSelector: [data-test-id='header-create-team-name-input']found
20:11:08.795 [Test worker] INFO  c.t.q.m.ApplicationManager$MyListener - Start search element By.cssSelector: textarea
20:11:08.815 [Test worker] INFO  c.t.q.m.ApplicationManager$MyListener - By.cssSelector: textareafound
20:11:08.875 [Test worker] INFO  c.t.q.m.ApplicationManager$MyListener - Start search element By.cssSelector: textarea
20:11:08.887 [Test worker] INFO  c.t.q.m.ApplicationManager$MyListener - By.cssSelector: textareafound
20:11:08.915 [Test worker] INFO  c.t.q.m.ApplicationManager$MyListener - Start search element By.cssSelector: textarea
20:11:08.931 [Test worker] INFO  c.t.q.m.ApplicationManager$MyListener - By.cssSelector: textareafound
20:11:09.039 [Test worker] INFO  c.t.q.m.ApplicationManager$MyListener - Start search element By.cssSelector: [type=submit]
20:11:09.055 [Test worker] INFO  c.t.q.m.ApplicationManager$MyListener - By.cssSelector: [type=submit]found
20:11:09.114 [Test worker] INFO  c.t.q.m.ApplicationManager$MyListener - Start search element By.cssSelector: h1
20:11:39.744 [Test worker] ERROR c.t.q.m.ApplicationManager$MyListener - ERROR
org.openqa.selenium.NoSuchElementException: no such element: Unable to locate element: {"method":"css selector","selector":"h1"}
  (Session info: chrome=77.0.3865.90)
For documentation on this error, please visit: https://www.seleniumhq.org/exceptions/no_such_element.html
Build info: version: '3.141.59', revision: 'e82be7d358', time: '2018-11-14T08:17:03'
System info: host: 'DESKTOP-79N8AM4', ip: '10.0.0.9', os.name: 'Windows 10', os.arch: 'amd64', os.version: '10.0', java.version: '1.8.0_221'
Driver info: org.openqa.selenium.chrome.ChromeDriver
Capabilities {acceptInsecureCerts: false, browserName: chrome, browserVersion: 77.0.3865.90, chrome: {chromedriverVersion: 77.0.3865.40 (f484704e052e0..., userDataDir: C:\Users\User\AppData\Local...}, goog:chromeOptions: {debuggerAddress: localhost:52925}, javascriptEnabled: true, networkConnectionEnabled: false, pageLoadStrategy: normal, platform: XP, platformName: XP, proxy: Proxy(), setWindowRect: true, strictFileInteractability: false, timeouts: {implicit: 0, pageLoad: 300000, script: 30000}, unhandledPromptBehavior: dismiss and notify}
Session ID: 0e717b1c01dc593b237e06cb73078387
*** Element info: {Using=css selector, value=h1}
	at sun.reflect.NativeConstructorAccessorImpl.newInstance0(Native Method)
	at sun.reflect.NativeConstructorAccessorImpl.newInstance(NativeConstructorAccessorImpl.java:62)
	at sun.reflect.DelegatingConstructorAccessorImpl.newInstance(DelegatingConstructorAccessorImpl.java:45)
	at java.lang.reflect.Constructor.newInstance(Constructor.java:423)
	at org.openqa.selenium.remote.http.W3CHttpResponseCodec.createException(W3CHttpResponseCodec.java:187)
	at org.openqa.selenium.remote.http.W3CHttpResponseCodec.decode(W3CHttpResponseCodec.java:122)
	at org.openqa.selenium.remote.http.W3CHttpResponseCodec.decode(W3CHttpResponseCodec.java:49)
	at org.openqa.selenium.remote.HttpCommandExecutor.execute(HttpCommandExecutor.java:158)
	at org.openqa.selenium.remote.service.DriverCommandExecutor.execute(DriverCommandExecutor.java:83)
	at org.openqa.selenium.remote.RemoteWebDriver.execute(RemoteWebDriver.java:552)
	at org.openqa.selenium.remote.RemoteWebDriver.findElement(RemoteWebDriver.java:323)
	at org.openqa.selenium.remote.RemoteWebDriver.findElementByCssSelector(RemoteWebDriver.java:420)
	at org.openqa.selenium.By$ByCssSelector.findElement(By.java:431)
	at org.openqa.selenium.remote.RemoteWebDriver.findElement(RemoteWebDriver.java:315)
	at sun.reflect.GeneratedMethodAccessor4.invoke(Unknown Source)
	at sun.reflect.DelegatingMethodAccessorImpl.invoke(DelegatingMethodAccessorImpl.java:43)
	at java.lang.reflect.Method.invoke(Method.java:498)
	at org.openqa.selenium.support.events.EventFiringWebDriver.lambda$new$1(EventFiringWebDriver.java:105)
	at com.sun.proxy.$Proxy15.findElement(Unknown Source)
	at org.openqa.selenium.support.events.EventFiringWebDriver.findElement(EventFiringWebDriver.java:194)
	at org.openqa.selenium.support.ui.ExpectedConditions$6.apply(ExpectedConditions.java:182)
	at org.openqa.selenium.support.ui.ExpectedConditions$6.apply(ExpectedConditions.java:179)
	at org.openqa.selenium.support.ui.FluentWait.until(FluentWait.java:249)
	at com.trello.qa.manager.TeamHelper.getTeamNameFromTeamPage(TeamHelper.java:33)
	at com.trello.qa.tests.TeamCreationTests.testTeamCreationFromLeftNavMenu(TeamCreationTests.java:81)
	at sun.reflect.NativeMethodAccessorImpl.invoke0(Native Method)
	at sun.reflect.NativeMethodAccessorImpl.invoke(NativeMethodAccessorImpl.java:62)
	at sun.reflect.DelegatingMethodAccessorImpl.invoke(DelegatingMethodAccessorImpl.java:43)
	at java.lang.reflect.Method.invoke(Method.java:498)
	at org.testng.internal.MethodInvocationHelper.invokeMethod(MethodInvocationHelper.java:133)
	at org.testng.internal.TestInvoker.invokeMethod(TestInvoker.java:584)
	at org.testng.internal.TestInvoker.invokeTestMethod(TestInvoker.java:172)
	at org.testng.internal.MethodRunner.runInSequence(MethodRunner.java:46)
	at org.testng.internal.TestInvoker$MethodInvocationAgent.invoke(TestInvoker.java:804)
	at org.testng.internal.TestInvoker.invokeTestMethods(TestInvoker.java:145)
	at org.testng.internal.TestMethodWorker.invokeTestMethods(TestMethodWorker.java:146)
	at org.testng.internal.TestMethodWorker.run(TestMethodWorker.java:128)
	at java.util.ArrayList.forEach(ArrayList.java:1257)
	at org.testng.TestRunner.privateRun(TestRunner.java:770)
	at org.testng.TestRunner.run(TestRunner.java:591)
	at org.testng.SuiteRunner.runTest(SuiteRunner.java:402)
	at org.testng.SuiteRunner.runSequentially(SuiteRunner.java:396)
	at org.testng.SuiteRunner.privateRun(SuiteRunner.java:355)
	at org.testng.SuiteRunner.run(SuiteRunner.java:304)
	at org.testng.SuiteRunnerWorker.runSuite(SuiteRunnerWorker.java:53)
	at org.testng.SuiteRunnerWorker.run(SuiteRunnerWorker.java:96)
	at org.testng.TestNG.runSuitesSequentially(TestNG.java:1180)
	at org.testng.TestNG.runSuitesLocally(TestNG.java:1102)
	at org.testng.TestNG.runSuites(TestNG.java:1032)
	at org.testng.TestNG.run(TestNG.java:1000)
	at org.gradle.api.internal.tasks.testing.testng.TestNGTestClassProcessor.runTests(TestNGTestClassProcessor.java:141)
	at org.gradle.api.internal.tasks.testing.testng.TestNGTestClassProcessor.stop(TestNGTestClassProcessor.java:90)
	at org.gradle.api.internal.tasks.testing.SuiteTestClassProcessor.stop(SuiteTestClassProcessor.java:61)
	at sun.reflect.NativeMethodAccessorImpl.invoke0(Native Method)
	at sun.reflect.NativeMethodAccessorImpl.invoke(NativeMethodAccessorImpl.java:62)
	at sun.reflect.DelegatingMethodAccessorImpl.invoke(DelegatingMethodAccessorImpl.java:43)
	at java.lang.reflect.Method.invoke(Method.java:498)
	at org.gradle.internal.dispatch.ReflectionDispatch.dispatch(ReflectionDispatch.java:35)
	at org.gradle.internal.dispatch.ReflectionDispatch.dispatch(ReflectionDispatch.java:24)
	at org.gradle.internal.dispatch.ContextClassLoaderDispatch.dispatch(ContextClassLoaderDispatch.java:32)
	at org.gradle.internal.dispatch.ProxyDispatchAdapter$DispatchingInvocationHandler.invoke(ProxyDispatchAdapter.java:93)
	at com.sun.proxy.$Proxy2.stop(Unknown Source)
	at org.gradle.api.internal.tasks.testing.worker.TestWorker.stop(TestWorker.java:132)
	at sun.reflect.NativeMethodAccessorImpl.invoke0(Native Method)
	at sun.reflect.NativeMethodAccessorImpl.invoke(NativeMethodAccessorImpl.java:62)
	at sun.reflect.DelegatingMethodAccessorImpl.invoke(DelegatingMethodAccessorImpl.java:43)
	at java.lang.reflect.Method.invoke(Method.java:498)
	at org.gradle.internal.dispatch.ReflectionDispatch.dispatch(ReflectionDispatch.java:35)
	at org.gradle.internal.dispatch.ReflectionDispatch.dispatch(ReflectionDispatch.java:24)
	at org.gradle.internal.remote.internal.hub.MessageHubBackedObjectConnection$DispatchWrapper.dispatch(MessageHubBackedObjectConnection.java:175)
	at org.gradle.internal.remote.internal.hub.MessageHubBackedObjectConnection$DispatchWrapper.dispatch(MessageHubBackedObjectConnection.java:157)
	at org.gradle.internal.remote.internal.hub.MessageHub$Handler.run(MessageHub.java:404)
	at org.gradle.internal.concurrent.ExecutorPolicy$CatchAndRecordFailures.onExecute(ExecutorPolicy.java:63)
	at org.gradle.internal.concurrent.ManagedExecutorImpl$1.run(ManagedExecutorImpl.java:46)
	at java.util.concurrent.ThreadPoolExecutor.runWorker(ThreadPoolExecutor.java:1149)
	at java.util.concurrent.ThreadPoolExecutor$Worker.run(ThreadPoolExecutor.java:624)
	at org.gradle.internal.concurrent.ThreadFactoryImpl$ManagedThreadRunnable.run(ThreadFactoryImpl.java:55)
	at java.lang.Thread.run(Thread.java:748)
20:11:39.752 [Test worker] INFO  c.t.q.m.ApplicationManager$MyListener - Start search element By.xpath: //*[@class='_mtkwfAlvk6O3f']/../../..//li
20:11:39.819 [Test worker] INFO  c.t.q.m.ApplicationManager$MyListener - By.xpath: //*[@class='_mtkwfAlvk6O3f']/../../..//lifound
20:11:39.819 [Test worker] INFO  c.t.q.m.ApplicationManager$MyListener - Start search element By.xpath: //*[@class='_mtkwfAlvk6O3f']/../../..//li
20:11:39.836 [Test worker] INFO  c.t.q.m.ApplicationManager$MyListener - By.xpath: //*[@class='_mtkwfAlvk6O3f']/../../..//lifound
20:11:39.836 [Test worker] INFO  c.t.q.m.ApplicationManager$MyListener - Start search element By.cssSelector: [data-test-id^='home-team-tab-section-']
20:11:39.876 [Test worker] INFO  c.t.q.m.ApplicationManager$MyListener - By.cssSelector: [data-test-id^='home-team-tab-section-']found
20:11:40.352 [Test worker] ERROR c.t.q.m.ApplicationManager$MyListener - ERROR
org.openqa.selenium.ElementClickInterceptedException: element click intercepted: Element <li data-test-id="home-team-tab-section-5d9f662c8bea9d5bd2468cae" class="pgEbaAFZBA0N5R">...</li> is not clickable at point (249, 208). Other element would receive the click: <div class="_2ozyzeoG-varDs _1FoUOG87ea9M2R">...</div>
  (Session info: chrome=77.0.3865.90)
Build info: version: '3.141.59', revision: 'e82be7d358', time: '2018-11-14T08:17:03'
System info: host: 'DESKTOP-79N8AM4', ip: '10.0.0.9', os.name: 'Windows 10', os.arch: 'amd64', os.version: '10.0', java.version: '1.8.0_221'
Driver info: org.openqa.selenium.chrome.ChromeDriver
Capabilities {acceptInsecureCerts: false, browserName: chrome, browserVersion: 77.0.3865.90, chrome: {chromedriverVersion: 77.0.3865.40 (f484704e052e0..., userDataDir: C:\Users\User\AppData\Local...}, goog:chromeOptions: {debuggerAddress: localhost:52925}, javascriptEnabled: true, networkConnectionEnabled: false, pageLoadStrategy: normal, platform: XP, platformName: XP, proxy: Proxy(), setWindowRect: true, strictFileInteractability: false, timeouts: {implicit: 0, pageLoad: 300000, script: 30000}, unhandledPromptBehavior: dismiss and notify}
Session ID: 0e717b1c01dc593b237e06cb73078387
	at sun.reflect.NativeConstructorAccessorImpl.newInstance0(Native Method)
	at sun.reflect.NativeConstructorAccessorImpl.newInstance(NativeConstructorAccessorImpl.java:62)
	at sun.reflect.DelegatingConstructorAccessorImpl.newInstance(DelegatingConstructorAccessorImpl.java:45)
	at java.lang.reflect.Constructor.newInstance(Constructor.java:423)
	at org.openqa.selenium.remote.http.W3CHttpResponseCodec.createException(W3CHttpResponseCodec.java:187)
	at org.openqa.selenium.remote.http.W3CHttpResponseCodec.decode(W3CHttpResponseCodec.java:122)
	at org.openqa.selenium.remote.http.W3CHttpResponseCodec.decode(W3CHttpResponseCodec.java:49)
	at org.openqa.selenium.remote.HttpCommandExecutor.execute(HttpCommandExecutor.java:158)
	at org.openqa.selenium.remote.service.DriverCommandExecutor.execute(DriverCommandExecutor.java:83)
	at org.openqa.selenium.remote.RemoteWebDriver.execute(RemoteWebDriver.java:552)
	at org.openqa.selenium.remote.RemoteWebElement.execute(RemoteWebElement.java:285)
	at org.openqa.selenium.remote.RemoteWebElement.click(RemoteWebElement.java:84)
	at sun.reflect.NativeMethodAccessorImpl.invoke0(Native Method)
	at sun.reflect.NativeMethodAccessorImpl.invoke(NativeMethodAccessorImpl.java:62)
	at sun.reflect.DelegatingMethodAccessorImpl.invoke(DelegatingMethodAccessorImpl.java:43)
	at java.lang.reflect.Method.invoke(Method.java:498)
	at org.openqa.selenium.support.events.EventFiringWebDriver$EventFiringWebElement.lambda$new$0(EventFiringWebDriver.java:404)
	at com.sun.proxy.$Proxy16.click(Unknown Source)
	at org.openqa.selenium.support.events.EventFiringWebDriver$EventFiringWebElement.click(EventFiringWebDriver.java:417)
	at com.trello.qa.manager.HelperBase.click(HelperBase.java:27)
	at com.trello.qa.manager.TeamHelper.clickOnFirstTeam(TeamHelper.java:48)
	at com.trello.qa.manager.TeamHelper.cleanTeams(TeamHelper.java:61)
	at com.trello.qa.tests.TeamCreationTests.postAction(TeamCreationTests.java:145)
	at sun.reflect.NativeMethodAccessorImpl.invoke0(Native Method)
	at sun.reflect.NativeMethodAccessorImpl.invoke(NativeMethodAccessorImpl.java:62)
	at sun.reflect.DelegatingMethodAccessorImpl.invoke(DelegatingMethodAccessorImpl.java:43)
	at java.lang.reflect.Method.invoke(Method.java:498)
	at org.testng.internal.MethodInvocationHelper.invokeMethod(MethodInvocationHelper.java:133)
	at org.testng.internal.MethodInvocationHelper.invokeMethodConsideringTimeout(MethodInvocationHelper.java:62)
	at org.testng.internal.ConfigInvoker.invokeConfigurationMethod(ConfigInvoker.java:340)
	at org.testng.internal.ConfigInvoker.invokeConfigurations(ConfigInvoker.java:294)
	at org.testng.internal.TestInvoker.runConfigMethods(TestInvoker.java:683)
	at org.testng.internal.TestInvoker.runAfterGroupsConfigurations(TestInvoker.java:658)
	at org.testng.internal.TestInvoker.invokeMethod(TestInvoker.java:642)
	at org.testng.internal.TestInvoker.invokeTestMethod(TestInvoker.java:172)
	at org.testng.internal.MethodRunner.runInSequence(MethodRunner.java:46)
	at org.testng.internal.TestInvoker$MethodInvocationAgent.invoke(TestInvoker.java:804)
	at org.testng.internal.TestInvoker.invokeTestMethods(TestInvoker.java:145)
	at org.testng.internal.TestMethodWorker.invokeTestMethods(TestMethodWorker.java:146)
	at org.testng.internal.TestMethodWorker.run(TestMethodWorker.java:128)
	at java.util.ArrayList.forEach(ArrayList.java:1257)
	at org.testng.TestRunner.privateRun(TestRunner.java:770)
	at org.testng.TestRunner.run(TestRunner.java:591)
	at org.testng.SuiteRunner.runTest(SuiteRunner.java:402)
	at org.testng.SuiteRunner.runSequentially(SuiteRunner.java:396)
	at org.testng.SuiteRunner.privateRun(SuiteRunner.java:355)
	at org.testng.SuiteRunner.run(SuiteRunner.java:304)
	at org.testng.SuiteRunnerWorker.runSuite(SuiteRunnerWorker.java:53)
	at org.testng.SuiteRunnerWorker.run(SuiteRunnerWorker.java:96)
	at org.testng.TestNG.runSuitesSequentially(TestNG.java:1180)
	at org.testng.TestNG.runSuitesLocally(TestNG.java:1102)
	at org.testng.TestNG.runSuites(TestNG.java:1032)
	at org.testng.TestNG.run(TestNG.java:1000)
	at org.gradle.api.internal.tasks.testing.testng.TestNGTestClassProcessor.runTests(TestNGTestClassProcessor.java:141)
	at org.gradle.api.internal.tasks.testing.testng.TestNGTestClassProcessor.stop(TestNGTestClassProcessor.java:90)
	at org.gradle.api.internal.tasks.testing.SuiteTestClassProcessor.stop(SuiteTestClassProcessor.java:61)
	at sun.reflect.NativeMethodAccessorImpl.invoke0(Native Method)
	at sun.reflect.NativeMethodAccessorImpl.invoke(NativeMethodAccessorImpl.java:62)
	at sun.reflect.DelegatingMethodAccessorImpl.invoke(DelegatingMethodAccessorImpl.java:43)
	at java.lang.reflect.Method.invoke(Method.java:498)
	at org.gradle.internal.dispatch.ReflectionDispatch.dispatch(ReflectionDispatch.java:35)
	at org.gradle.internal.dispatch.ReflectionDispatch.dispatch(ReflectionDispatch.java:24)
	at org.gradle.internal.dispatch.ContextClassLoaderDispatch.dispatch(ContextClassLoaderDispatch.java:32)
	at org.gradle.internal.dispatch.ProxyDispatchAdapter$DispatchingInvocationHandler.invoke(ProxyDispatchAdapter.java:93)
	at com.sun.proxy.$Proxy2.stop(Unknown Source)
	at org.gradle.api.internal.tasks.testing.worker.TestWorker.stop(TestWorker.java:132)
	at sun.reflect.NativeMethodAccessorImpl.invoke0(Native Method)
	at sun.reflect.NativeMethodAccessorImpl.invoke(NativeMethodAccessorImpl.java:62)
	at sun.reflect.DelegatingMethodAccessorImpl.invoke(DelegatingMethodAccessorImpl.java:43)
	at java.lang.reflect.Method.invoke(Method.java:498)
	at org.gradle.internal.dispatch.ReflectionDispatch.dispatch(ReflectionDispatch.java:35)
	at org.gradle.internal.dispatch.ReflectionDispatch.dispatch(ReflectionDispatch.java:24)
	at org.gradle.internal.remote.internal.hub.MessageHubBackedObjectConnection$DispatchWrapper.dispatch(MessageHubBackedObjectConnection.java:175)
	at org.gradle.internal.remote.internal.hub.MessageHubBackedObjectConnection$DispatchWrapper.dispatch(MessageHubBackedObjectConnection.java:157)
	at org.gradle.internal.remote.internal.hub.MessageHub$Handler.run(MessageHub.java:404)
	at org.gradle.internal.concurrent.ExecutorPolicy$CatchAndRecordFailures.onExecute(ExecutorPolicy.java:63)
	at org.gradle.internal.concurrent.ManagedExecutorImpl$1.run(ManagedExecutorImpl.java:46)
	at java.util.concurrent.ThreadPoolExecutor.runWorker(ThreadPoolExecutor.java:1149)
	at java.util.concurrent.ThreadPoolExecutor$Worker.run(ThreadPoolExecutor.java:624)
	at org.gradle.internal.concurrent.ThreadFactoryImpl$ManagedThreadRunnable.run(ThreadFactoryImpl.java:55)
	at java.lang.Thread.run(Thread.java:748)
